Content-Type: text/plain; charset="utf-8"
MIME-Version: 1.0
Content-Transfer-Encoding: 7bit
Subject: Verzoek (opnieuw) instellen wachtwoord
From: webmaster@localhost
To: vasilis@geofluxus.com
Date: Tue, 22 Aug 2023 13:38:14 -0000
Message-ID: 
 <169271149432.16476.5148728698638224570@LAPTOP-HRF4S73O.localdomain>



Je ontvangt deze mail omdat er een verzoek is gestuurd voor het opnieuw
instellen van een wachtwoord op je geoFluxus account.
Mocht je dit verzoek niet hebben verstuurd, dan kan je deze mail negeren.


Klik op de onderstaande link om een nieuw wachtwoord in te stellen: 

http://127.0.0.1:8000/reset/MQ/btcbfq-b7dfc7f9be0c14c34ebfe6bbde5ad730

Voor het geval dat je je gebruikersnaam bent vergeten, je gebruikersnaam is: vasilis
Als je deze mail hebt verstuurd omdat je je gebruikersnaam bent vergeten, maar niet je wachtwoord: het oude wachtwoord is nog actief.

Bedankt voor het gebruiken van geoFluxus!


Met vriendelijke groet,

Het geoFluxus team




-------------------------------------------------------------------------------
